# JRE version: OpenJDK Runtime Environment (11.0.11+9) (build 11.0.11+9-b60-7590822)
# Java VM: OpenJDK 64-Bit Server VM (11.0.11+9-b60-7590822, mixed mode, tiered, compressed oops, g1 gc, windows-amd64)
Heap:
 garbage-first heap   total 196608K, used 62537K [0x00000000a0000000, 0x0000000100000000)
  region size 1024K, 47 young (48128K), 4 survivors (4096K)
 Metaspace       used 31470K, capacity 32163K, committed 32384K, reserved 1079296K
  class space    used 4195K, capacity 4479K, committed 4480K, reserved 1048576K
GC Heap History (12 events):
Event: 8.315 GC heap before
{Heap before GC invocations=0 (full 0):
 garbage-first heap   total 196608K, used 16384K [0x00000000a0000000, 0x0000000100000000)
  region size 1024K, 14 young (14336K), 0 survivors (0K)
 Metaspace       used 6736K, capacity 6929K, committed 7168K, reserved 1056768K
  class space    used 582K, capacity 650K, committed 768K, reserved 1048576K
}
Event: 8.320 GC heap after
{Heap after GC invocations=1 (full 0):
 garbage-first heap   total 196608K, used 4707K [0x00000000a0000000, 0x0000000100000000)
  region size 1024K, 2 young (2048K), 2 survivors (2048K)
 Metaspace       used 6736K, capacity 6929K, committed 7168K, reserved 1056768K
  class space    used 582K, capacity 650K, committed 768K, reserved 1048576K
}
Event: 16.716 GC heap before
{Heap before GC invocations=1 (full 0):
 garbage-first heap   total 196608K, used 19043K [0x00000000a0000000, 0x0000000100000000)
  region size 1024K, 13 young (13312K), 2 survivors (2048K)
 Metaspace       used 9881K, capacity 10122K, committed 10368K, reserved 1058816K
  class space    used 1029K, capacity 1102K, committed 1152K, reserved 1048576K
}
Event: 16.722 GC heap after
{Heap after GC invocations=2 (full 0):
 garbage-first heap   total 196608K, used 9657K [0x00000000a0000000, 0x0000000100000000)
  region size 1024K, 2 young (2048K), 2 survivors (2048K)
 Metaspace       used 9881K, capacity 10122K, committed 10368K, reserved 1058816K
  class space    used 1029K, capacity 1102K, committed 1152K, reserved 1048576K
}
Event: 18.593 GC heap before
{Heap before GC invocations=2 (full 0):
 garbage-first heap   total 196608K, used 37305K [0x00000000a0000000, 0x0000000100000000)
  region size 1024K, 29 young (29696K), 2 survivors (2048K)
 Metaspace       used 10867K, capacity 11077K, committed 11264K, reserved 1058816K
  class space    used 1133K, capacity 1207K, committed 1280K, reserved 1048576K
}
Event: 18.597 GC heap after
{Heap after GC invocations=3 (full 0):
 garbage-first heap   total 196608K, used 11080K [0x00000000a0000000, 0x0000000100000000)
  region size 1024K, 4 young (4096K), 4 survivors (4096K)
 Metaspace       used 10867K, capacity 11077K, committed 11264K, reserved 1058816K
  class space    used 1133K, capacity 1207K, committed 1280K, reserved 1048576K
}
Event: 23.144 GC heap before
{Heap before GC invocations=3 (full 0):
 garbage-first heap   total 196608K, used 53064K [0x00000000a0000000, 0x0000000100000000)
  region size 1024K, 45 young (46080K), 4 survivors (4096K)
 Metaspace       used 17401K, capacity 17719K, committed 17792K, reserved 1064960K
  class space    used 2041K, capacity 2145K, committed 2176K, reserved 1048576K
}
Event: 23.152 GC heap after
{Heap after GC invocations=4 (full 0):
 garbage-first heap   total 196608K, used 16072K [0x00000000a0000000, 0x0000000100000000)
  region size 1024K, 6 young (6144K), 6 survivors (6144K)
 Metaspace       used 17401K, capacity 17719K, committed 17792K, reserved 1064960K
  class space    used 2041K, capacity 2145K, committed 2176K, reserved 1048576K
}
Event: 24.262 GC heap before
{Heap before GC invocations=4 (full 0):
 garbage-first heap   total 196608K, used 44744K [0x00000000a0000000, 0x0000000100000000)
  region size 1024K, 35 young (35840K), 6 survivors (6144K)
 Metaspace       used 20606K, capacity 21066K, committed 21248K, reserved 1067008K
  class space    used 2511K, capacity 2690K, committed 2816K, reserved 1048576K
}
Event: 24.274 GC heap after
{Heap after GC invocations=5 (full 0):
 garbage-first heap   total 196608K, used 17252K [0x00000000a0000000, 0x0000000100000000)
  region size 1024K, 8 young (8192K), 8 survivors (8192K)
 Metaspace       used 20606K, capacity 21066K, committed 21248K, reserved 1067008K
  class space    used 2511K, capacity 2690K, committed 2816K, reserved 1048576K
}
Event: 26.696 GC heap before
{Heap before GC invocations=6 (full 0):
 garbage-first heap   total 196608K, used 80740K [0x00000000a0000000, 0x0000000100000000)
  region size 1024K, 70 young (71680K), 8 survivors (8192K)
 Metaspace       used 26856K, capacity 27504K, committed 27648K, reserved 1073152K
  class space    used 3507K, capacity 3736K, committed 3840K, reserved 1048576K
}
Event: 26.709 GC heap after
{Heap after GC invocations=7 (full 0):
 garbage-first heap   total 196608K, used 19529K [0x00000000a0000000, 0x0000000100000000)
  region size 1024K, 4 young (4096K), 4 survivors (4096K)
 Metaspace       used 26856K, capacity 27504K, committed 27648K, reserved 1073152K
  class space    used 3507K, capacity 3736K, committed 3840K, reserved 1048576K
}

